0 verbose cli /Users/siladityachakraborty/.nvm/versions/node/v16.20.0/bin/node /Users/siladityachakraborty/.nvm/versions/node/v16.20.0/bin/npm
1 info using npm@8.19.4
2 info using node@v16.20.0
3 timing npm:load:whichnode Completed in 0ms
4 timing config:load:defaults Completed in 1ms
5 timing config:load:file:/Users/siladityachakraborty/.nvm/versions/node/v16.20.0/lib/node_modules/npm/npmrc Completed in 0ms
6 timing config:load:builtin Completed in 0ms
7 timing config:load:cli Completed in 0ms
8 timing config:load:env Completed in 1ms
9 timing config:load:file:/Users/siladityachakraborty/user-items-app/user-items-ui/.npmrc Completed in 0ms
10 timing config:load:project Completed in 0ms
11 timing config:load:file:/Users/siladityachakraborty/.npmrc Completed in 0ms
12 timing config:load:user Completed in 0ms
13 timing config:load:file:/Users/siladityachakraborty/.nvm/versions/node/v16.20.0/etc/npmrc Completed in 0ms
14 timing config:load:global Completed in 0ms
15 timing config:load:validate Completed in 1ms
16 timing config:load:credentials Completed in 0ms
17 timing config:load:setEnvs Completed in 1ms
18 timing config:load Completed in 4ms
19 timing npm:load:configload Completed in 4ms
20 timing npm:load:mkdirpcache Completed in 0ms
21 timing npm:load:mkdirplogs Completed in 0ms
22 verbose title npm run clean
23 verbose argv "run" "clean"
24 timing npm:load:setTitle Completed in 4ms
25 timing config:load:flatten Completed in 1ms
26 timing npm:load:display Completed in 1ms
27 verbose logfile logs-max:10 dir:/Users/siladityachakraborty/user-items-app/.npm-cache/_logs
28 verbose logfile /Users/siladityachakraborty/user-items-app/.npm-cache/_logs/2025-07-29T06_57_51_824Z-debug-0.log
29 timing npm:load:logFile Completed in 2ms
30 timing npm:load:timers Completed in 0ms
31 timing npm:load:configScope Completed in 0ms
32 timing npm:load Completed in 11ms
33 silly logfile start cleaning logs, removing 1 files
34 silly logfile done cleaning log files
35 timing command:run Completed in 1ms
36 verbose stack Error: Missing script: "clean"
36 verbose stack
36 verbose stack To see a list of scripts, run:
36 verbose stack   npm run
36 verbose stack     at RunScript.run (/Users/siladityachakraborty/.nvm/versions/node/v16.20.0/lib/node_modules/npm/lib/commands/run-script.js:98:13)
36 verbose stack     at async module.exports (/Users/siladityachakraborty/.nvm/versions/node/v16.20.0/lib/node_modules/npm/lib/cli.js:78:5)
37 verbose cwd /Users/siladityachakraborty/user-items-app/user-items-ui
38 verbose Darwin 24.5.0
39 verbose node v16.20.0
40 verbose npm  v8.19.4
41 error Missing script: "clean"
41 error
41 error To see a list of scripts, run:
41 error   npm run
42 verbose exit 1
43 timing npm Completed in 17ms
44 verbose code 1
45 error A complete log of this run can be found in:
45 error     /Users/siladityachakraborty/user-items-app/.npm-cache/_logs/2025-07-29T06_57_51_824Z-debug-0.log
