0 verbose cli /Users/siladityachakraborty/.nvm/versions/node/v16.20.0/bin/node /Users/siladityachakraborty/.nvm/versions/node/v16.20.0/bin/npm
1 info using npm@8.19.4
2 info using node@v16.20.0
3 timing npm:load:whichnode Completed in 0ms
4 timing config:load:defaults Completed in 1ms
5 timing config:load:file:/Users/siladityachakraborty/.nvm/versions/node/v16.20.0/lib/node_modules/npm/npmrc Completed in 1ms
6 timing config:load:builtin Completed in 1ms
7 timing config:load:cli Completed in 0ms
8 timing config:load:env Completed in 0ms
9 timing config:load:file:/Users/siladityachakraborty/user-items-app/user-items-ui/.npmrc Completed in 0ms
10 timing config:load:project Completed in 0ms
11 timing config:load:file:/Users/siladityachakraborty/.npmrc Completed in 0ms
12 timing config:load:user Completed in 0ms
13 timing config:load:file:/Users/siladityachakraborty/.nvm/versions/node/v16.20.0/etc/npmrc Completed in 0ms
14 timing config:load:global Completed in 0ms
15 timing config:load:validate Completed in 1ms
16 timing config:load:credentials Completed in 0ms
17 timing config:load:setEnvs Completed in 0ms
18 timing config:load Completed in 4ms
19 timing npm:load:configload Completed in 4ms
20 timing npm:load:mkdirpcache Completed in 0ms
21 timing npm:load:mkdirplogs Completed in 1ms
22 verbose title npm start
23 verbose argv "start"
24 timing npm:load:setTitle Completed in 3ms
25 timing config:load:flatten Completed in 1ms
26 timing npm:load:display Completed in 1ms
27 verbose logfile logs-max:10 dir:/Users/siladityachakraborty/user-items-app/.npm-cache/_logs
28 verbose logfile /Users/siladityachakraborty/user-items-app/.npm-cache/_logs/2025-07-29T06_57_30_790Z-debug-0.log
29 timing npm:load:logFile Completed in 1ms
30 timing npm:load:timers Completed in 0ms
31 timing npm:load:configScope Completed in 0ms
32 timing npm:load Completed in 12ms
33 silly logfile start cleaning logs, removing 1 files
34 silly logfile done cleaning log files
